The target system is: Generic -  - arm
The host system is: Linux - 5.11.0-31-generic - x86_64
Checking whether the ASM compiler is GNU using "--version" matched "(GNU assembler)|(GCC)|(Free Software Foundation)":
arm-none-eabi-gcc (GNU Arm Embedded Toolchain 9-2020-q2-update) 9.3.1 20200408 (release)
Copyright (C) 2019 Free Software Foundation, Inc.
This is free software; see the source for copying conditions.  There is NO
warranty; not even for MERCHANTABILITY or FITNESS FOR A PARTICULAR PURPOSE.

Compiling the C compiler identification source file "CMakeCCompilerId.c" succeeded.
Compiler: /home/ben/Toradex/LinuxDevelop/FreeRTOS/Colibri-iMX8X/gcc-arm-none-eabi-9-2020-q2-update//bin/arm-none-eabi-gcc 
Build flags: 
Id flags: -c 

The output was:
0


Compilation of the C compiler identification source "CMakeCCompilerId.c" produced "CMakeCCompilerId.o"

The C compiler identification is GNU, found in "/home/ben/Toradex/LinuxDevelop/FreeRTOS/Colibri-iMX8X/SDK_2_9_0_MEK-MIMX8QX/boards/mekmimx8qx/rtos_examples/freertos_lpuart/armgcc/CMakeFiles/3.18.4/CompilerIdC/CMakeCCompilerId.o"

Compiling the CXX compiler identification source file "CMakeCXXCompilerId.cpp" succeeded.
Compiler: /home/ben/Toradex/LinuxDevelop/FreeRTOS/Colibri-iMX8X/gcc-arm-none-eabi-9-2020-q2-update//bin/arm-none-eabi-g++ 
Build flags: 
Id flags: -c 

The output was:
0


Compilation of the CXX compiler identification source "CMakeCXXCompilerId.cpp" produced "CMakeCXXCompilerId.o"

The CXX compiler identification is GNU, found in "/home/ben/Toradex/LinuxDevelop/FreeRTOS/Colibri-iMX8X/SDK_2_9_0_MEK-MIMX8QX/boards/mekmimx8qx/rtos_examples/freertos_lpuart/armgcc/CMakeFiles/3.18.4/CompilerIdCXX/CMakeCXXCompilerId.o"

